<?xml version="1.0" encoding="utf-8"?>
<Project ToolsVersion="12.0" xmlns="http://schemas.microsoft.com/developer/msbuild/2003">
  <PropertyGroup>
    <IncludeCompositeObjects>True</IncludeCompositeObjects>
    <TargetDatabaseName>Test-DB-1</TargetDatabaseName>
    <DeployScriptFileName>DeployScript.sql</DeployScriptFileName>
    <TargetConnectionString>Data Source=SQL-SRV-1\SQLSRV1;Persist Security Info=True;User ID=sa;Pooling=False;MultipleActiveResultSets=False;Connect Timeout=60;Encrypt=False;TrustServerCertificate=True</TargetConnectionString>
    <ScriptDatabaseOptions>True</ScriptDatabaseOptions>
    <BlockOnPossibleDataLoss>True</BlockOnPossibleDataLoss>
    <DropObjectsNotInSource>True</DropObjectsNotInSource>
    <CreateNewDatabase>True</CreateNewDatabase>
    <ProfileVersionNumber>1</ProfileVersionNumber>
  </PropertyGroup>
</Project>